<?xml version="1.0" encoding="UTF-8"?>
<!-- Generated by org.testng.reporters.JUnitXMLReporter -->
<testsuite ignored="0" hostname="DESKTOP-JAS0CHU" failures="0" tests="4" name="Test" time="23.804" errors="0" timestamp="2024-12-06T10:14:24 IST">
  <testcase classname="Testcase.MakeMyTripFlightSearch" name="ValidSeach" time="6.211"/>
  <testcase classname="Testcase.MakeMyTripFlightSearch" name="ValidSeach" time="11.549"/>
  <testcase classname="Testcase.MakeMyTripFlightSearch" name="SameCitySearch" time="1.149"/>
  <testcase classname="Testcase.MakeMyTripFlightSearch" name="SameCitySearch" time="0.515"/>
</testsuite> <!-- Test -->
