<?xml version="1.0" encoding="UTF-8"?>
<testng-results ignored="0" total="4" passed="4" failed="0" skipped="0">
  <reporter-output>
  </reporter-output>
  <suite started-at="2024-12-06T10:14:00 IST" name="Suite" finished-at="2024-12-06T10:14:24 IST" duration-ms="23804">
    <groups>
    </groups>
    <test started-at="2024-12-06T10:14:00 IST" name="Test" finished-at="2024-12-06T10:14:24 IST" duration-ms="23804">
      <class name="Testcase.MakeMyTripFlightSearch">
        <test-method is-config="true" signature="Launch()[pri:0, instance:Testcase.MakeMyTripFlightSearch@7c7a06ec]" started-at="2024-12-06T10:13:58 IST" name="Launch" finished-at="2024-12-06T10:14:00 IST" duration-ms="1608" status="PASS">
          <reporter-output>
          </reporter-output>
        </test-method> <!-- Launch -->
        <test-method is-config="true" signature="LauchtheApplication()[pri:0, instance:Testcase.MakeMyTripFlightSearch@7c7a06ec]" started-at="2024-12-06T10:14:00 IST" name="LauchtheApplication" finished-at="2024-12-06T10:14:01 IST" duration-ms="1308" status="PASS">
          <reporter-output>
          </reporter-output>
        </test-method> <!-- LauchtheApplication -->
        <test-method is-config="true" signature="SetValues()[pri:0, instance:Testcase.MakeMyTripFlightSearch@7c7a06ec]" started-at="2024-12-06T10:14:01 IST" name="SetValues" finished-at="2024-12-06T10:14:03 IST" duration-ms="1348" status="PASS">
          <reporter-output>
          </reporter-output>
        </test-method> <!-- SetValues -->
        <test-method signature="ValidSeach(java.lang.String,java.lang.String,java.lang.String)[pri:0, instance:Testcase.MakeMyTripFlightSearch@7c7a06ec]" started-at="2024-12-06T10:14:03 IST" name="ValidSeach" data-provider="GetValidSearchTestdata" finished-at="2024-12-06T10:14:09 IST" duration-ms="6211" status="PASS">
          <params>
            <param index="0">
              <value>
                <![CDATA[MAA]]>
              </value>
            </param>
            <param index="1">
              <value>
                <![CDATA[PNQ]]>
              </value>
            </param>
            <param index="2">
              <value>
                <![CDATA[30]]>
              </value>
            </param>
          </params>
          <reporter-output>
          </reporter-output>
        </test-method> <!-- ValidSeach -->
        <test-method is-config="true" signature="WriteInReport(org.testng.ITestResult)[pri:0, instance:Testcase.MakeMyTripFlightSearch@7c7a06ec]" started-at="2024-12-06T10:14:09 IST" name="WriteInReport" finished-at="2024-12-06T10:14:10 IST" duration-ms="284" status="PASS">
          <params>
            <param index="0">
              <value>
                <![CDATA[[TestResult name=ValidSeach status=SUCCESS method=MakeMyTripFlightSearch.ValidSeach(java.lang.String,java.lang.String,java.lang.String)[pri:0, instance:Testcase.MakeMyTripFlightSearch@7c7a06ec] output={null}]]]>
              </value>
            </param>
          </params>
          <reporter-output>
          </reporter-output>
        </test-method> <!-- WriteInReport -->
        <test-method signature="ValidSeach(java.lang.String,java.lang.String,java.lang.String)[pri:0, instance:Testcase.MakeMyTripFlightSearch@7c7a06ec]" started-at="2024-12-06T10:14:10 IST" name="ValidSeach" data-provider="GetValidSearchTestdata" finished-at="2024-12-06T10:14:21 IST" duration-ms="11549" status="PASS">
          <params>
            <param index="0">
              <value>
                <![CDATA[PNQ]]>
              </value>
            </param>
            <param index="1">
              <value>
                <![CDATA[BLR]]>
              </value>
            </param>
            <param index="2">
              <value>
                <![CDATA[25]]>
              </value>
            </param>
          </params>
          <reporter-output>
          </reporter-output>
        </test-method> <!-- ValidSeach -->
        <test-method is-config="true" signature="WriteInReport(org.testng.ITestResult)[pri:0, instance:Testcase.MakeMyTripFlightSearch@7c7a06ec]" started-at="2024-12-06T10:14:21 IST" name="WriteInReport" finished-at="2024-12-06T10:14:22 IST" duration-ms="285" status="PASS">
          <params>
            <param index="0">
              <value>
                <![CDATA[[TestResult name=ValidSeach status=SUCCESS method=MakeMyTripFlightSearch.ValidSeach(java.lang.String,java.lang.String,java.lang.String)[pri:0, instance:Testcase.MakeMyTripFlightSearch@7c7a06ec] output={null}]]]>
              </value>
            </param>
          </params>
          <reporter-output>
          </reporter-output>
        </test-method> <!-- WriteInReport -->
        <test-method signature="SameCitySearch(java.lang.String,java.lang.String)[pri:1, instance:Testcase.MakeMyTripFlightSearch@7c7a06ec]" started-at="2024-12-06T10:14:22 IST" name="SameCitySearch" data-provider="GetSameCitySearchTestdata" finished-at="2024-12-06T10:14:23 IST" duration-ms="1149" status="PASS">
          <params>
            <param index="0">
              <value>
                <![CDATA[MAA]]>
              </value>
            </param>
            <param index="1">
              <value>
                <![CDATA[MAA]]>
              </value>
            </param>
          </params>
          <reporter-output>
          </reporter-output>
        </test-method> <!-- SameCitySearch -->
        <test-method is-config="true" signature="WriteInReport(org.testng.ITestResult)[pri:0, instance:Testcase.MakeMyTripFlightSearch@7c7a06ec]" started-at="2024-12-06T10:14:23 IST" name="WriteInReport" finished-at="2024-12-06T10:14:23 IST" duration-ms="239" status="PASS">
          <params>
            <param index="0">
              <value>
                <![CDATA[[TestResult name=SameCitySearch status=SUCCESS method=MakeMyTripFlightSearch.SameCitySearch(java.lang.String,java.lang.String)[pri:1, instance:Testcase.MakeMyTripFlightSearch@7c7a06ec] output={null}]]]>
              </value>
            </param>
          </params>
          <reporter-output>
          </reporter-output>
        </test-method> <!-- WriteInReport -->
        <test-method signature="SameCitySearch(java.lang.String,java.lang.String)[pri:1, instance:Testcase.MakeMyTripFlightSearch@7c7a06ec]" started-at="2024-12-06T10:14:23 IST" name="SameCitySearch" data-provider="GetSameCitySearchTestdata" finished-at="2024-12-06T10:14:23 IST" duration-ms="515" status="PASS">
          <params>
            <param index="0">
              <value>
                <![CDATA[PNQ]]>
              </value>
            </param>
            <param index="1">
              <value>
                <![CDATA[PNQ]]>
              </value>
            </param>
          </params>
          <reporter-output>
          </reporter-output>
        </test-method> <!-- SameCitySearch -->
        <test-method is-config="true" signature="WriteInReport(org.testng.ITestResult)[pri:0, instance:Testcase.MakeMyTripFlightSearch@7c7a06ec]" started-at="2024-12-06T10:14:23 IST" name="WriteInReport" finished-at="2024-12-06T10:14:24 IST" duration-ms="251" status="PASS">
          <params>
            <param index="0">
              <value>
                <![CDATA[[TestResult name=SameCitySearch status=SUCCESS method=MakeMyTripFlightSearch.SameCitySearch(java.lang.String,java.lang.String)[pri:1, instance:Testcase.MakeMyTripFlightSearch@7c7a06ec] output={null}]]]>
              </value>
            </param>
          </params>
          <reporter-output>
          </reporter-output>
        </test-method> <!-- WriteInReport -->
        <test-method is-config="true" signature="tearDown()[pri:0, instance:Testcase.MakeMyTripFlightSearch@7c7a06ec]" started-at="2024-12-06T10:14:24 IST" name="tearDown" finished-at="2024-12-06T10:14:24 IST" duration-ms="492" status="PASS">
          <reporter-output>
          </reporter-output>
        </test-method> <!-- tearDown -->
      </class> <!-- Testcase.MakeMyTripFlightSearch -->
    </test> <!-- Test -->
  </suite> <!-- Suite -->
</testng-results>
